Using pre-set license
Built from '2020.3/staging' branch; Version is '2020.3.4f1 (0abb6314276a) revision 703331'; Using compiler version '192528614'; Build Type 'Release'
OS: 'Windows 10 Pro; OS build 19042.1165; Version 2009; 64bit' Language: 'zh' Physical Memory: 32700 MB
BatchMode: 1, IsHumanControllingUs: 0, StartBugReporterOnCrash: 0, Is64bit: 1, IsPro: 0

 COMMAND LINE ARGUMENTS:
C:\Program Files\Unity\Hub\Editor\2020.3.4f1\Editor\Unity.exe
-adb2
-batchMode
-noUpm
-name
AssetImportWorker0
-projectPath
E:/Github/Unity_Shader_Learning/Unity_Shader_Learning
-logFile
Logs/AssetImportWorker0.log
-srvPort
57517
Successfully changed project path to: E:/Github/Unity_Shader_Learning/Unity_Shader_Learning
E:/Github/Unity_Shader_Learning/Unity_Shader_Learning
Using Asset Import Pipeline V2.
Refreshing native plugins compatible for Editor in 33.11 ms, found 0 plugins.
Preloading 0 native plugins for Editor in 0.00 ms.
Initialize engine version: 2020.3.4f1 (0abb6314276a)
[Subsystems] Discovering subsystems at path C:/Program Files/Unity/Hub/Editor/2020.3.4f1/Editor/Data/Resources/UnitySubsystems
[Subsystems] Discovering subsystems at path E:/Github/Unity_Shader_Learning/Unity_Shader_Learning/Assets
GfxDevice: creating device client; threaded=0
Direct3D:
    Version:  Direct3D 11.0 [level 11.1]
    Renderer: NVIDIA GeForce RTX 2060 (ID=0x1f08)
    Vendor:   
    VRAM:     5980 MB
    Driver:   27.21.14.6140
Initialize mono
Mono path[0] = 'C:/Program Files/Unity/Hub/Editor/2020.3.4f1/Editor/Data/Managed'
Mono path[1] = 'C:/Program Files/Unity/Hub/Editor/2020.3.4f1/Editor/Data/MonoBleedingEdge/lib/mono/unityjit'
Mono config path = 'C:/Program Files/Unity/Hub/Editor/2020.3.4f1/Editor/Data/MonoBleedingEdge/etc'
Using monoOptions --debugger-agent=transport=dt_socket,embedding=1,server=y,suspend=n,address=127.0.0.1:56156
Begin MonoManager ReloadAssembly
Registering precompiled unity dll's ...
Register platform support module: C:/Program Files/Unity/Hub/Editor/2020.3.4f1/Editor/Data/PlaybackEngines/WindowsStandaloneSupport/UnityEditor.WindowsStandalone.Extensions.dll
Registered in 0.001215 seconds.
Native extension for WindowsStandalone target not found
Refreshing native plugins compatible for Editor in 29.33 ms, found 0 plugins.
Preloading 0 native plugins for Editor in 0.00 ms.
Mono: successfully reloaded assembly
- Completed reload, in  0.737 seconds
Platform modules already initialized, skipping
Registering precompiled user dll's ...
Registered in 0.002021 seconds.
Begin MonoManager ReloadAssembly
Native extension for WindowsStandalone target not found
Refreshing native plugins compatible for Editor in 0.43 ms, found 0 plugins.
Preloading 0 native plugins for Editor in 0.00 ms.
Mono: successfully reloaded assembly
- Completed reload, in  0.777 seconds
Platform modules already initialized, skipping
========================================================================
Worker process is ready to serve import requests
Launched and connected shader compiler UnityShaderCompiler.exe after 0.03 seconds
Refreshing native plugins compatible for Editor in 0.47 ms, found 0 plugins.
Preloading 0 native plugins for Editor in 0.00 ms.
Unloading 1764 Unused Serialized files (Serialized files now loaded: 0)
System memory in use before: 93.2 MB.
System memory in use after: 93.2 MB.

Unloading 41 unused Assets to reduce memory usage. Loaded Objects now: 2191.
Total: 3.345600 ms (FindLiveObjects: 0.233600 ms CreateObjectMapping: 0.095800 ms MarkObjects: 2.802400 ms  DeleteObjects: 0.212200 ms)

========================================================================
Received Import Request.
  path: Assets/Learning/Chapter6/AlphaBlendTest.mat
  artifactKey: Guid(d3c585e8e32a6284988c9bb8197b4ae0) Importer(815301076,1909f56bfc062723c751e8b465ee728b)
Start importing Assets/Learning/Chapter6/AlphaBlendTest.mat using Guid(d3c585e8e32a6284988c9bb8197b4ae0) Importer(815301076,1909f56bfc062723c751e8b465ee728b)  -> (artifact id: '7c6b84677481158d77873812c26bb47d') in 0.072908 seconds
  Import took 0.076080 seconds .

========================================================================
Received Import Request.
  Time since last request: 0.000214 seconds.
  path: Assets/Learning/Chapter6/AlphaBlendWithZWrite.mat
  artifactKey: Guid(37e67c0b890c48443826339d03e45f45) Importer(815301076,1909f56bfc062723c751e8b465ee728b)
Start importing Assets/Learning/Chapter6/AlphaBlendWithZWrite.mat using Guid(37e67c0b890c48443826339d03e45f45) Importer(815301076,1909f56bfc062723c751e8b465ee728b)  -> (artifact id: 'be3687dbb15f16f2c69ec90c09ad40b9') in 0.009113 seconds
  Import took 0.027131 seconds .

========================================================================
Received Import Request.
  Time since last request: 1.636144 seconds.
  path: Assets/Learning/Chapter3/3.1.unity
  artifactKey: Guid(8137696a09b521f4a9f65a08fe2aeb6c) Importer(815301076,1909f56bfc062723c751e8b465ee728b)
Start importing Assets/Learning/Chapter3/3.1.unity using Guid(8137696a09b521f4a9f65a08fe2aeb6c) Importer(815301076,1909f56bfc062723c751e8b465ee728b)  -> (artifact id: 'f7207fd8e1ef24ef579bee910e94364e') in 0.001210 seconds
  Import took 0.003709 seconds .

========================================================================
Received Import Request.
  Time since last request: 0.023821 seconds.
  path: Assets/Learning/Chapter3/3.1.unity
  artifactKey: Guid(8137696a09b521f4a9f65a08fe2aeb6c) Importer(815301076,1909f56bfc062723c751e8b465ee728b)
Start importing Assets/Learning/Chapter3/3.1.unity using Guid(8137696a09b521f4a9f65a08fe2aeb6c) Importer(815301076,1909f56bfc062723c751e8b465ee728b)  -> (artifact id: 'f7207fd8e1ef24ef579bee910e94364e') in 0.000883 seconds
  Import took 0.003018 seconds .

========================================================================
Received Import Request.
  Time since last request: 2.829471 seconds.
  path: Assets/Learning/Chapter3/FirstShader.shader
  artifactKey: Guid(a46eae1a9f6b0f445a344bf36427351b) Importer(815301076,1909f56bfc062723c751e8b465ee728b)
Start importing Assets/Learning/Chapter3/FirstShader.shader using Guid(a46eae1a9f6b0f445a344bf36427351b) Importer(815301076,1909f56bfc062723c751e8b465ee728b)  -> (artifact id: '45a61ace3f017d5181632c99ca70e1e9') in 0.001946 seconds
  Import took 0.028139 seconds .

========================================================================
Received Import Request.
  Time since last request: 0.025799 seconds.
  path: Assets/Learning/Chapter3/FirstShader.shader
  artifactKey: Guid(a46eae1a9f6b0f445a344bf36427351b) Importer(815301076,1909f56bfc062723c751e8b465ee728b)
Start importing Assets/Learning/Chapter3/FirstShader.shader using Guid(a46eae1a9f6b0f445a344bf36427351b) Importer(815301076,1909f56bfc062723c751e8b465ee728b)  -> (artifact id: '45a61ace3f017d5181632c99ca70e1e9') in 0.000829 seconds
  Import took 0.002995 seconds .

========================================================================
Received Import Request.
  Time since last request: 105.439686 seconds.
  path: Assets/Learning/Chapter3/Beautiful.shader
  artifactKey: Guid(9b81165e4a14a714f96f189e81bfb01d) Importer(815301076,1909f56bfc062723c751e8b465ee728b)
Start importing Assets/Learning/Chapter3/Beautiful.shader using Guid(9b81165e4a14a714f96f189e81bfb01d) Importer(815301076,1909f56bfc062723c751e8b465ee728b)  -> (artifact id: 'e761dd34c32bf4b38a1af172e820586c') in 0.001382 seconds
  Import took 0.018873 seconds .

========================================================================
Received Import Request.
  Time since last request: 71.726749 seconds.
  path: Assets/Learning/Chapter3/Beautiful.shader
  artifactKey: Guid(9b81165e4a14a714f96f189e81bfb01d) Importer(815301076,1909f56bfc062723c751e8b465ee728b)
Start importing Assets/Learning/Chapter3/Beautiful.shader using Guid(9b81165e4a14a714f96f189e81bfb01d) Importer(815301076,1909f56bfc062723c751e8b465ee728b)  -> (artifact id: 'd76c4deb92089c5eeade4e024826821f') in 0.001288 seconds
  Import took 0.003881 seconds .

========================================================================
Received Import Request.
  Time since last request: 0.002795 seconds.
  path: Assets/Learning/Chapter3/Beautiful.shader
  artifactKey: Guid(9b81165e4a14a714f96f189e81bfb01d) Importer(815301076,1909f56bfc062723c751e8b465ee728b)
Start importing Assets/Learning/Chapter3/Beautiful.shader using Guid(9b81165e4a14a714f96f189e81bfb01d) Importer(815301076,1909f56bfc062723c751e8b465ee728b)  -> (artifact id: 'd76c4deb92089c5eeade4e024826821f') in 0.001200 seconds
  Import took 0.003449 seconds .

========================================================================
Received Import Request.
  Time since last request: 4.456160 seconds.
  path: Assets/Learning/Chapter3/Shader-Learning_Chapter3_Beautiful.mat
  artifactKey: Guid(a798f938fe1b17c4abad437e8817161d) Importer(815301076,1909f56bfc062723c751e8b465ee728b)
Start importing Assets/Learning/Chapter3/Shader-Learning_Chapter3_Beautiful.mat using Guid(a798f938fe1b17c4abad437e8817161d) Importer(815301076,1909f56bfc062723c751e8b465ee728b)  -> (artifact id: 'b5720c4be1dfdc7a93b63fee730ad6b5') in 0.009255 seconds
  Import took 0.023802 seconds .

AssetImportWorkerClient::OnTransportError - code=2 error=End of file
