Using pre-set license
Built from '2020.3/staging' branch; Version is '2020.3.4f1 (0abb6314276a) revision 703331'; Using compiler version '192528614'; Build Type 'Release'
OS: 'Windows 10 Pro; OS build 19042.1165; Version 2009; 64bit' Language: 'zh' Physical Memory: 32700 MB
BatchMode: 1, IsHumanControllingUs: 0, StartBugReporterOnCrash: 0, Is64bit: 1, IsPro: 0

 COMMAND LINE ARGUMENTS:
C:\Program Files\Unity\Hub\Editor\2020.3.4f1\Editor\Unity.exe
-adb2
-batchMode
-noUpm
-name
AssetImportWorker0
-projectPath
E:/Github/Unity_Shader_Learning/Unity_Shader_Learning
-logFile
Logs/AssetImportWorker0.log
-srvPort
51913
Successfully changed project path to: E:/Github/Unity_Shader_Learning/Unity_Shader_Learning
E:/Github/Unity_Shader_Learning/Unity_Shader_Learning
Using Asset Import Pipeline V2.
Refreshing native plugins compatible for Editor in 31.23 ms, found 0 plugins.
Preloading 0 native plugins for Editor in 0.00 ms.
Initialize engine version: 2020.3.4f1 (0abb6314276a)
[Subsystems] Discovering subsystems at path C:/Program Files/Unity/Hub/Editor/2020.3.4f1/Editor/Data/Resources/UnitySubsystems
[Subsystems] Discovering subsystems at path E:/Github/Unity_Shader_Learning/Unity_Shader_Learning/Assets
GfxDevice: creating device client; threaded=0
Direct3D:
    Version:  Direct3D 11.0 [level 11.1]
    Renderer: NVIDIA GeForce RTX 2060 (ID=0x1f08)
    Vendor:   
    VRAM:     5980 MB
    Driver:   27.21.14.6140
Initialize mono
Mono path[0] = 'C:/Program Files/Unity/Hub/Editor/2020.3.4f1/Editor/Data/Managed'
Mono path[1] = 'C:/Program Files/Unity/Hub/Editor/2020.3.4f1/Editor/Data/MonoBleedingEdge/lib/mono/unityjit'
Mono config path = 'C:/Program Files/Unity/Hub/Editor/2020.3.4f1/Editor/Data/MonoBleedingEdge/etc'
Using monoOptions --debugger-agent=transport=dt_socket,embedding=1,server=y,suspend=n,address=127.0.0.1:56140
Begin MonoManager ReloadAssembly
Registering precompiled unity dll's ...
Register platform support module: C:/Program Files/Unity/Hub/Editor/2020.3.4f1/Editor/Data/PlaybackEngines/WindowsStandaloneSupport/UnityEditor.WindowsStandalone.Extensions.dll
Registered in 0.001199 seconds.
Native extension for WindowsStandalone target not found
Refreshing native plugins compatible for Editor in 29.08 ms, found 0 plugins.
Preloading 0 native plugins for Editor in 0.00 ms.
Mono: successfully reloaded assembly
- Completed reload, in  0.728 seconds
Platform modules already initialized, skipping
Registering precompiled user dll's ...
Registered in 0.002011 seconds.
Begin MonoManager ReloadAssembly
Native extension for WindowsStandalone target not found
Refreshing native plugins compatible for Editor in 0.43 ms, found 0 plugins.
Preloading 0 native plugins for Editor in 0.00 ms.
Mono: successfully reloaded assembly
- Completed reload, in  0.776 seconds
Platform modules already initialized, skipping
========================================================================
Worker process is ready to serve import requests
Launched and connected shader compiler UnityShaderCompiler.exe after 0.03 seconds
Refreshing native plugins compatible for Editor in 0.45 ms, found 0 plugins.
Preloading 0 native plugins for Editor in 0.00 ms.
Unloading 1765 Unused Serialized files (Serialized files now loaded: 0)
System memory in use before: 93.3 MB.
System memory in use after: 93.3 MB.

Unloading 41 unused Assets to reduce memory usage. Loaded Objects now: 2192.
Total: 1.841400 ms (FindLiveObjects: 0.203600 ms CreateObjectMapping: 0.076200 ms MarkObjects: 1.435900 ms  DeleteObjects: 0.124500 ms)

========================================================================
Received Import Request.
  path: Assets/Learning/Chapter3/Beautiful.shader
  artifactKey: Guid(9b81165e4a14a714f96f189e81bfb01d) Importer(815301076,1909f56bfc062723c751e8b465ee728b)
Start importing Assets/Learning/Chapter3/Beautiful.shader using Guid(9b81165e4a14a714f96f189e81bfb01d) Importer(815301076,1909f56bfc062723c751e8b465ee728b)  -> (artifact id: 'd6760e749eec94b505568db8b809a86e') in 0.014891 seconds
  Import took 0.017241 seconds .

AssetImportWorkerClient::OnTransportError - code=2 error=End of file
